0 info it worked if it ends with ok
1 verbose cli [ 'node',
1 verbose cli   '/Users/rainer/.meteor/packages/meteor-tool/.1.3.0_3.1qkh8yf++os.osx.x86_64+web.browser+web.cordova/mt-os.osx.x86_64/dev_bundle/bin/npm',
1 verbose cli   'install',
1 verbose cli   '--save',
1 verbose cli   'cfc-gridfs' ]
2 info using npm@2.14.22
3 info using node@v0.10.43
4 verbose install initial load of /Users/rainer/Documents/dichotic/package.json
5 verbose installManyTop reading scoped package data from /Users/rainer/Documents/dichotic/node_modules/deep-equal/package.json
6 verbose installManyTop reading scoped package data from /Users/rainer/Documents/dichotic/node_modules/history/package.json
7 verbose installManyTop reading scoped package data from /Users/rainer/Documents/dichotic/node_modules/invariant/package.json
8 verbose installManyTop reading scoped package data from /Users/rainer/Documents/dichotic/node_modules/js-tokens/package.json
9 verbose installManyTop reading scoped package data from /Users/rainer/Documents/dichotic/node_modules/loose-envify/package.json
10 verbose installManyTop reading scoped package data from /Users/rainer/Documents/dichotic/node_modules/meteor-node-stubs/package.json
11 verbose installManyTop reading scoped package data from /Users/rainer/Documents/dichotic/node_modules/query-string/package.json
12 verbose installManyTop reading scoped package data from /Users/rainer/Documents/dichotic/node_modules/react/package.json
13 verbose installManyTop reading scoped package data from /Users/rainer/Documents/dichotic/node_modules/react-addons-pure-render-mixin/package.json
14 verbose installManyTop reading scoped package data from /Users/rainer/Documents/dichotic/node_modules/react-dom/package.json
15 verbose installManyTop reading scoped package data from /Users/rainer/Documents/dichotic/node_modules/react-router/package.json
16 verbose installManyTop reading scoped package data from /Users/rainer/Documents/dichotic/node_modules/strict-uri-encode/package.json
17 verbose installManyTop reading scoped package data from /Users/rainer/Documents/dichotic/node_modules/warning/package.json
18 verbose readDependencies loading dependencies from /Users/rainer/Documents/dichotic/package.json
19 silly cache add args [ 'cfc-gridfs', null ]
20 verbose cache add spec cfc-gridfs
21 silly cache add parsed spec { raw: 'cfc-gridfs',
21 silly cache add   scope: null,
21 silly cache add   name: 'cfc-gridfs',
21 silly cache add   rawSpec: '',
21 silly cache add   spec: 'latest',
21 silly cache add   type: 'tag' }
22 silly addNamed cfc-gridfs@latest
23 verbose addNamed "latest" is being treated as a dist-tag for cfc-gridfs
24 info addNameTag [ 'cfc-gridfs', 'latest' ]
25 silly mapToRegistry name cfc-gridfs
26 silly mapToRegistry using default registry
27 silly mapToRegistry registry https://registry.npmjs.org/
28 silly mapToRegistry uri https://registry.npmjs.org/cfc-gridfs
29 verbose addNameTag registry:https://registry.npmjs.org/cfc-gridfs not in flight; fetching
30 verbose request uri https://registry.npmjs.org/cfc-gridfs
31 verbose request no auth needed
32 info attempt registry request try #1 at 14:13:16
33 verbose request id abfdf76bee8b0af8
34 http request GET https://registry.npmjs.org/cfc-gridfs
35 http 404 https://registry.npmjs.org/cfc-gridfs
36 verbose headers { 'content-type': 'application/json',
36 verbose headers   'cache-control': 'max-age=0',
36 verbose headers   'content-length': '2',
36 verbose headers   'accept-ranges': 'bytes',
36 verbose headers   date: 'Sun, 03 Apr 2016 18:13:17 GMT',
36 verbose headers   via: '1.1 varnish',
36 verbose headers   age: '0',
36 verbose headers   connection: 'keep-alive',
36 verbose headers   'x-served-by': 'cache-atl6245-ATL',
36 verbose headers   'x-cache': 'MISS',
36 verbose headers   'x-cache-hits': '0',
36 verbose headers   'x-timer': 'S1459707197.527273,VS0,VE33' }
37 silly get cb [ 404,
37 silly get   { 'content-type': 'application/json',
37 silly get     'cache-control': 'max-age=0',
37 silly get     'content-length': '2',
37 silly get     'accept-ranges': 'bytes',
37 silly get     date: 'Sun, 03 Apr 2016 18:13:17 GMT',
37 silly get     via: '1.1 varnish',
37 silly get     age: '0',
37 silly get     connection: 'keep-alive',
37 silly get     'x-served-by': 'cache-atl6245-ATL',
37 silly get     'x-cache': 'MISS',
37 silly get     'x-cache-hits': '0',
37 silly get     'x-timer': 'S1459707197.527273,VS0,VE33' } ]
38 verbose stack Error: Registry returned 404 for GET on https://registry.npmjs.org/cfc-gridfs
38 verbose stack     at makeError (/Users/rainer/.meteor/packages/meteor-tool/.1.3.0_3.1qkh8yf++os.osx.x86_64+web.browser+web.cordova/mt-os.osx.x86_64/dev_bundle/lib/node_modules/npm/node_modules/npm-registry-client/lib/request.js:264:12)
38 verbose stack     at CachingRegistryClient.<anonymous> (/Users/rainer/.meteor/packages/meteor-tool/.1.3.0_3.1qkh8yf++os.osx.x86_64+web.browser+web.cordova/mt-os.osx.x86_64/dev_bundle/lib/node_modules/npm/node_modules/npm-registry-client/lib/request.js:242:14)
38 verbose stack     at Request._callback (/Users/rainer/.meteor/packages/meteor-tool/.1.3.0_3.1qkh8yf++os.osx.x86_64+web.browser+web.cordova/mt-os.osx.x86_64/dev_bundle/lib/node_modules/npm/node_modules/npm-registry-client/lib/request.js:172:14)
38 verbose stack     at Request.self.callback (/Users/rainer/.meteor/packages/meteor-tool/.1.3.0_3.1qkh8yf++os.osx.x86_64+web.browser+web.cordova/mt-os.osx.x86_64/dev_bundle/lib/node_modules/npm/node_modules/request/request.js:199:22)
38 verbose stack     at Request.emit (events.js:98:17)
38 verbose stack     at Request.<anonymous> (/Users/rainer/.meteor/packages/meteor-tool/.1.3.0_3.1qkh8yf++os.osx.x86_64+web.browser+web.cordova/mt-os.osx.x86_64/dev_bundle/lib/node_modules/npm/node_modules/request/request.js:1036:10)
38 verbose stack     at Request.emit (events.js:117:20)
38 verbose stack     at IncomingMessage.<anonymous> (/Users/rainer/.meteor/packages/meteor-tool/.1.3.0_3.1qkh8yf++os.osx.x86_64+web.browser+web.cordova/mt-os.osx.x86_64/dev_bundle/lib/node_modules/npm/node_modules/request/request.js:963:12)
38 verbose stack     at IncomingMessage.emit (events.js:117:20)
38 verbose stack     at _stream_readable.js:944:16
39 verbose statusCode 404
40 verbose pkgid cfc-gridfs
41 verbose cwd /Users/rainer/Documents/dichotic
42 error Darwin 15.4.0
43 error argv "node" "/Users/rainer/.meteor/packages/meteor-tool/.1.3.0_3.1qkh8yf++os.osx.x86_64+web.browser+web.cordova/mt-os.osx.x86_64/dev_bundle/bin/npm" "install" "--save" "cfc-gridfs"
44 error node v0.10.43
45 error npm  v2.14.22
46 error code E404
47 error 404 Registry returned 404 for GET on https://registry.npmjs.org/cfc-gridfs
47 error 404
47 error 404 'cfc-gridfs' is not in the npm registry.
47 error 404 You should bug the author to publish it (or use the name yourself!)
47 error 404 It was specified as a dependency of 'dichotic'
47 error 404
47 error 404 Note that you can also install from a
47 error 404 tarball, folder, http url, or git url.
48 verbose exit [ 1, true ]
